============================= test session starts ==============================
platform linux -- Python 3.11.2, pytest-8.4.2, pluggy-1.6.0 -- /home/marek/Pulpit/studia/Sztuczna Inteligencja/tsp_genetic_algorithm/venv/bin/python3
cachedir: .pytest_cache
rootdir: /home/marek/Pulpit/studia/Sztuczna Inteligencja/tsp_genetic_algorithm
collecting ... collected 80 items

tests.py::TestInitialization::test_create_random_permutation_basic PASSED [  1%]
tests.py::TestInitialization::test_create_random_permutation_single_city PASSED [  2%]
tests.py::TestInitialization::test_create_random_permutation_two_cities PASSED [  3%]
tests.py::TestInitialization::test_create_random_permutation_randomness PASSED [  5%]
tests.py::TestInitialization::test_create_random_permutation_doesnt_modify_original PASSED [  6%]
tests.py::TestInitialization::test_create_random_permutation_large PASSED [  7%]
tests.py::TestInitialization::test_initialize_population_size PASSED     [  8%]
tests.py::TestInitialization::test_initialize_population_empty PASSED    [ 10%]
tests.py::TestInitialization::test_initialize_population_single_individual PASSED [ 11%]
tests.py::TestInitialization::test_initialize_population_all_valid PASSED [ 12%]
tests.py::TestInitialization::test_initialize_population_diversity PASSED [ 13%]
tests.py::TestFitness::test_fitness_returns_positive PASSED              [ 15%]
tests.py::TestFitness::test_fitness_returns_int PASSED                   [ 16%]
tests.py::TestFitness::test_fitness_deterministic PASSED                 [ 17%]
tests.py::TestFitness::test_fitness_different_tours PASSED               [ 18%]
tests.py::TestFitness::test_fitness_normalized_basic PASSED              [ 20%]
tests.py::TestFitness::test_fitness_normalized_inversion PASSED          [ 21%]
tests.py::TestFitness::test_fitness_normalized_with_equal_worst PASSED   [ 22%]
tests.py::TestFitness::test_fitness_single_city PASSED                   [ 23%]
tests.py::TestRankSelection::test_rank_select_returns_correct_size PASSED [ 25%]
tests.py::TestRankSelection::test_rank_select_returns_best PASSED        [ 26%]
tests.py::TestRankSelection::test_rank_select_sorted_order PASSED        [ 27%]
tests.py::TestRankSelection::test_rank_select_full_population PASSED     [ 28%]
tests.py::TestRankSelection::test_rank_select_single PASSED              [ 30%]
tests.py::TestRankSelection::test_rank_select_empty_population PASSED    [ 31%]
tests.py::TestTournamentSelection::test_tournament_select_returns_valid_tour PASSED [ 32%]
tests.py::TestTournamentSelection::test_tournament_select_empty_population_raises PASSED [ 33%]
tests.py::TestTournamentSelection::test_tournament_select_invalid_size_zero PASSED [ 35%]
tests.py::TestTournamentSelection::test_tournament_select_invalid_size_too_large PASSED [ 36%]
tests.py::TestTournamentSelection::test_tournament_select_size_one PASSED [ 37%]
tests.py::TestTournamentSelection::test_tournament_select_size_equals_population PASSED [ 38%]
tests.py::TestTournamentSelection::test_tournament_select_multiple_calls_gives_variety PASSED [ 40%]
tests.py::TestTournamentSelection::test_tournament_select_statistical_bias_towards_better PASSED [ 41%]
tests.py::TestRouletteSelection::test_roulette_select_returns_correct_size PASSED [ 42%]
tests.py::TestRouletteSelection::test_roulette_select_returns_valid_tours PASSED [ 43%]
tests.py::TestRouletteSelection::test_roulette_select_allows_duplicates PASSED [ 45%]
tests.py::TestRouletteSelection::test_roulette_select_single_contender PASSED [ 46%]
tests.py::TestRouletteSelection::test_roulette_select_bias_towards_better PASSED [ 47%]
tests.py::TestOrderCrossover::test_ox_basic_validity PASSED              [ 48%]
tests.py::TestEdgeRecombinationCrossover::test_erx_basic_validity PASSED [ 50%]
tests.py::TestEdgeRecombinationCrossover::test_erx_small_tour PASSED     [ 51%]
tests.py::TestEdgeRecombinationCrossover::test_erx_two_cities PASSED     [ 52%]
tests.py::TestEdgeRecombinationCrossover::test_erx_identical_parents PASSED [ 53%]
tests.py::TestEdgeRecombinationCrossover::test_erx_multiple_random PASSED [ 55%]
tests.py::TestEdgeRecombinationCrossover::test_erx_preserves_edges_from_parents PASSED [ 56%]
tests.py::TestEdgeRecombinationCrossover::test_erx_medium_tour PASSED    [ 57%]
tests.py::TestEdgeRecombinationCrossover::test_erx_completeness PASSED   [ 58%]
tests.py::TestSwapMutation::test_swap_mutation_preserves_permutation PASSED [ 60%]
tests.py::TestSwapMutation::test_swap_mutation_zero_probability PASSED   [ 61%]
tests.py::TestSwapMutation::test_swap_mutation_high_probability_changes_tour PASSED [ 62%]
tests.py::TestSwapMutation::test_swap_mutation_single_city PASSED        [ 63%]
tests.py::TestSwapMutation::test_swap_mutation_two_cities PASSED         [ 65%]
tests.py::TestSwapMutation::test_swap_mutation_preserves_all_genes PASSED [ 66%]
tests.py::TestSwapMutation::test_swap_mutation_modifies_inplace PASSED   [ 67%]
tests.py::TestSwapMutation::test_swap_mutation_large_tour PASSED         [ 68%]
tests.py::TestSwapMutatePopulation::test_swap_mutate_population_size PASSED [ 70%]
tests.py::TestSwapMutatePopulation::test_swap_mutate_population_all_valid PASSED [ 71%]
tests.py::TestSwapMutatePopulation::test_swap_mutate_population_empty PASSED [ 72%]
tests.py::TestSwapMutatePopulation::test_swap_mutate_population_single_individual PASSED [ 73%]
tests.py::TestSwapMutatePopulation::test_swap_mutate_population_preserves_diversity PASSED [ 75%]
tests.py::TestSwapMutatePopulation::test_swap_mutate_population_zero_probability PASSED [ 76%]
tests.py::TestEdgeCases::test_single_city_problem PASSED                 [ 77%]
tests.py::TestEdgeCases::test_two_cities_problem PASSED                  [ 78%]
tests.py::TestEdgeCases::test_large_population PASSED                    [ 80%]
tests.py::TestEdgeCases::test_crossover_with_identical_parents PASSED    [ 81%]
tests.py::TestEdgeCases::test_all_operations_on_small_problem PASSED     [ 82%]
tests.py::TestIntegration::test_full_generation_cycle PASSED             [ 83%]
tests.py::TestIntegration::test_selection_crossover_mutation_pipeline PASSED [ 85%]
tests.py::TestIntegration::test_multiple_generations_simulation PASSED   [ 86%]
tests.py::TestIntegration::test_all_crossover_operators PASSED           [ 87%]
tests.py::TestIntegration::test_elitism_preservation PASSED              [ 88%]
tests.py::TestPartiallyMappedCrossover::test_pmx_basic_validity PASSED   [ 90%]
tests.py::TestPartiallyMappedCrossover::test_pmx_small_tour PASSED       [ 91%]
tests.py::TestPartiallyMappedCrossover::test_pmx_two_cities PASSED       [ 92%]
tests.py::TestPartiallyMappedCrossover::test_pmx_preserves_segment PASSED [ 93%]
tests.py::TestPartiallyMappedCrossover::test_pmx_no_duplicates PASSED    [ 95%]
tests.py::TestPartiallyMappedCrossover::test_pmx_identical_parents PASSED [ 96%]
tests.py::TestPartiallyMappedCrossover::test_pmx_multiple_random PASSED  [ 97%]
tests.py::TestPartiallyMappedCrossover::test_pmx_large_tour PASSED       [ 98%]
tests.py::TestPartiallyMappedCrossover::test_pmx_mapping_correctness PASSED [100%]

============================== 80 passed in 0.07s ==============================
